Build started 2015/1/21 22:00:13.
     1>Project "E:\2.WorkSpace\graphics\LodAlg\LodAlg.vcxproj" on node 2 (Build target(s)).
     1>Link:
         C:\Program Files (x86)\Microsoft Visual Studio 10.0\VC\bin\link.exe /ERRORREPORT:PROMPT /OUT:"E:\2.WorkSpace\graphics\LodAlg\Release\LodAlg.exe" /INCREMENTAL:NO /NOLOGO osg.lib osgGA.lib osgDB.lib osgViewer.lib opengl32.lib glu.lib gdal_i.lib OpenThreads.lib glew32_1.11.lib kernel32.lib user32.lib gdi32.lib winspool.lib comdlg32.lib advapi32.lib shell32.lib ole32.lib oleaut32.lib uuid.lib odbc32.lib odbccp32.lib /MANIFEST /ManifestFile:"Release\LodAlg.exe.intermediate.manifest" /MANIFESTUAC:"level='asInvoker' uiAccess='false'" /DEBUG /PDB:"E:\2.WorkSpace\graphics\LodAlg\Release\LodAlg.pdb" /SUBSYSTEM:CONSOLE /OPT:REF /OPT:ICF /LTCG /TLBID:1 /DYNAMICBASE /NXCOMPAT /IMPLIB:"E:\2.WorkSpace\graphics\LodAlg\Release\LodAlg.lib" /MACHINE:X86 Release\ldrawable.obj
         Release\linput.obj
         Release\lmanipulator.obj
         Release\lodalg.obj
         Release\lthreads.obj
         Release\ltiles.obj
         Release\stdafx.obj
            Creating library E:\2.WorkSpace\graphics\LodAlg\Release\LodAlg.lib and object E:\2.WorkSpace\graphics\LodAlg\Release\LodAlg.exp
         Generating code
         Finished generating code
         LodAlg.vcxproj -> E:\2.WorkSpace\graphics\LodAlg\Release\LodAlg.exe
       Manifest:
         C:\Program Files (x86)\Microsoft SDKs\Windows\v7.0A\bin\mt.exe /nologo /verbose /outputresource:"E:\2.WorkSpace\graphics\LodAlg\Release\LodAlg.exe;#1" /manifest Release\LodAlg.exe.intermediate.manifest
       BscMake:
         C:\Program Files (x86)\Microsoft Visual Studio 10.0\VC\bin\bscmake.exe /nologo /o"E:\2.WorkSpace\graphics\LodAlg\Release\LodAlg.bsc" /n Release\ldrawable.sbr Release\linput.sbr Release\lmanipulator.sbr Release\lodalg.sbr Release\lthreads.sbr Release\ltiles.sbr Release\stdafx.sbr
     1>Done Building Project "E:\2.WorkSpace\graphics\LodAlg\LodAlg.vcxproj" (Build target(s)).

Build succeeded.

Time Elapsed 00:00:10.67
