Build started 2014/12/1 16:39:11.
     1>Project "E:\WorkSpace\LodAlg\LodAlg.vcxproj" on node 2 (Build target(s)).
     1>ClCompile:
         C:\Program Files (x86)\Microsoft Visual Studio 10.0\VC\bin\CL.exe /c /ZI /nologo /W3 /WX- /Od /Oy- /D WIN32 /D _DEBUG /D _CONSOLE /D _LIB /D _UNICODE /D UNICODE /Gm /EHsc /RTC1 /MDd /GS /fp:precise /Zc:wchar_t /Zc:forScope /Yc"StdAfx.h" /Fp"Debug\LodAlg.pch" /Fo"Debug\\" /Fd"Debug\vc100.pdb" /Gd /TP /analyze- /errorReport:prompt stdafx.cpp
         stdafx.cpp
         C:\Program Files (x86)\Microsoft Visual Studio 10.0\VC\bin\CL.exe /c /ZI /nologo /W3 /WX- /Od /Oy- /D WIN32 /D _DEBUG /D _CONSOLE /D _LIB /D _UNICODE /D UNICODE /Gm /EHsc /RTC1 /MDd /GS /fp:precise /Zc:wchar_t /Zc:forScope /Yu"StdAfx.h" /Fp"Debug\LodAlg.pch" /Fo"Debug\\" /Fd"Debug\vc100.pdb" /Gd /TP /analyze- /errorReport:prompt LodAlg.cpp LODDrawable.cpp
         LODDrawable.cpp
     1>e:\workspace\lodalg\loddrawable.cpp(131): warning C4996: 'fopen': This function or variable may be unsafe. Consider using fopen_s instead. To disable deprecation, use _CRT_SECURE_NO_WARNINGS. See online help for details.
                 c:\program files (x86)\microsoft visual studio 10.0\vc\include\stdio.h(234) : see declaration of 'fopen'
         LodAlg.cpp
         Generating Code...
       Link:
         C:\Program Files (x86)\Microsoft Visual Studio 10.0\VC\bin\link.exe /ERRORREPORT:PROMPT /OUT:"E:\WorkSpace\LodAlg\Debug\LodAlg.exe" /INCREMENTAL /NOLOGO kernel32.lib user32.lib gdi32.lib winspool.lib comdlg32.lib advapi32.lib shell32.lib ole32.lib oleaut32.lib uuid.lib odbc32.lib odbccp32.lib /MANIFEST /ManifestFile:"Debug\LodAlg.exe.intermediate.manifest" /MANIFESTUAC:"level='asInvoker' uiAccess='false'" /DEBUG /PDB:"E:\WorkSpace\LodAlg\Debug\LodAlg.pdb" /SUBSYSTEM:CONSOLE /TLBID:1 /DYNAMICBASE /NXCOMPAT /IMPLIB:"E:\WorkSpace\LodAlg\Debug\LodAlg.lib" /MACHINE:X86 Debug\LodAlg.exe.embed.manifest.res
         Debug\LodAlg.obj
         Debug\LODDrawable.obj
         Debug\stdafx.obj
     1>LodAlg.obj : error LNK2019: unresolved external symbol "__declspec(dllimport) public: void __thiscall osgViewer::Viewer::`vbase destructor'(void)" (__imp_??_DViewer@osgViewer@@QAEXXZ) referenced in function _wmain
     1>LodAlg.obj : error LNK2019: unresolved external symbol "__declspec(dllimport) public: virtual int __thiscall osgViewer::Viewer::run(void)" (__imp_?run@Viewer@osgViewer@@UAEHXZ) referenced in function _wmain
     1>LodAlg.obj : error LNK2019: unresolved external symbol "__declspec(dllimport) public: virtual void __thiscall osgViewer::Viewer::setSceneData(class osg::Node *)" (__imp_?setSceneData@Viewer@osgViewer@@UAEXPAVNode@osg@@@Z) referenced in function _wmain
     1>LodAlg.obj : error LNK2019: unresolved external symbol "__declspec(dllimport) public: void __thiscall osg::StateSet::setRenderingHint(int)" (__imp_?setRenderingHint@StateSet@osg@@QAEXH@Z) referenced in function _wmain
     1>LodAlg.obj : error LNK2019: unresolved external symbol "__declspec(dllimport) public: void __thiscall osg::StateSet::setMode(unsigned int,unsigned int)" (__imp_?setMode@StateSet@osg@@QAEXII@Z) referenced in function _wmain
     1>LodAlg.obj : error LNK2019: unresolved external symbol "__declspec(dllimport) public: void __thiscall osg::StateSet::setAttributeAndModes(class osg::StateAttribute *,unsigned int)" (__imp_?setAttributeAndModes@StateSet@osg@@QAEXPAVStateAttribute@2@I@Z) referenced in function _wmain
     1>LodAlg.obj : error LNK2019: unresolved external symbol "__declspec(dllimport) public: class osg::StateSet * __thiscall osg::Node::getOrCreateStateSet(void)" (__imp_?getOrCreateStateSet@Node@osg@@QAEPAVStateSet@2@XZ) referenced in function _wmain
     1>LodAlg.obj : error LNK2019: unresolved external symbol "__declspec(dllimport) public: __thiscall osg::BlendFunc::BlendFunc(void)" (__imp_??0BlendFunc@osg@@QAE@XZ) referenced in function _wmain
     1>LodAlg.obj : error LNK2019: unresolved external symbol "__declspec(dllimport) public: void __thiscall osg::Node::setCullingActive(bool)" (__imp_?setCullingActive@Node@osg@@QAEX_N@Z) referenced in function _wmain
     1>LodAlg.obj : error LNK2019: unresolved external symbol "__declspec(dllimport) public: __thiscall osg::Geode::Geode(void)" (__imp_??0Geode@osg@@QAE@XZ) referenced in function _wmain
     1>LodAlg.obj : error LNK2019: unresolved external symbol "__declspec(dllimport) public: bool __thiscall osg::GraphicsContext::makeCurrent(void)" (__imp_?makeCurrent@GraphicsContext@osg@@QAE_NXZ) referenced in function _wmain
     1>LodAlg.obj : error LNK2019: unresolved external symbol "__declspec(dllimport) public: class osg::GraphicsContext * __thiscall osg::Camera::getGraphicsContext(void)" (__imp_?getGraphicsContext@Camera@osg@@QAEPAVGraphicsContext@2@XZ) referenced in function _wmain
     1>LodAlg.obj : error LNK2019: unresolved external symbol "__declspec(dllimport) public: class osg::Camera * __thiscall osg::View::getCamera(void)" (__imp_?getCamera@View@osg@@QAEPAVCamera@2@XZ) referenced in function _wmain
     1>LodAlg.obj : error LNK2019: unresolved external symbol "__declspec(dllimport) public: virtual void __thiscall osgViewer::Viewer::realize(void)" (__imp_?realize@Viewer@osgViewer@@UAEXXZ) referenced in function _wmain
     1>LodAlg.obj : error LNK2019: unresolved external symbol "__declspec(dllimport) public: virtual void __thiscall osgViewer::ViewerBase::setThreadingModel(enum osgViewer::ViewerBase::ThreadingModel)" (__imp_?setThreadingModel@ViewerBase@osgViewer@@UAEXW4ThreadingModel@12@@Z) referenced in function _wmain
     1>LodAlg.obj : error LNK2019: unresolved external symbol "__declspec(dllimport) public: void __thiscall osgViewer::View::setUpViewInWindow(int,int,int,int,unsigned int)" (__imp_?setUpViewInWindow@View@osgViewer@@QAEXHHHHI@Z) referenced in function _wmain
     1>LodAlg.obj : error LNK2019: unresolved external symbol "__declspec(dllimport) public: __thiscall osgViewer::Viewer::Viewer(void)" (__imp_??0Viewer@osgViewer@@QAE@XZ) referenced in function _wmain
     1>LodAlg.obj : error LNK2001: unresolved external symbol "public: virtual void __thiscall osg::Geode::setThreadSafeRefUnref(bool)" (?setThreadSafeRefUnref@Geode@osg@@UAEX_N@Z)
     1>LodAlg.obj : error LNK2001: unresolved external symbol "public: virtual class osg::Object * __thiscall osg::Geode::cloneType(void)const " (?cloneType@Geode@osg@@UBEPAVObject@2@XZ)
     1>LodAlg.obj : error LNK2001: unresolved external symbol "public: virtual class osg::Object * __thiscall osg::Geode::clone(class osg::CopyOp const &)const " (?clone@Geode@osg@@UBEPAVObject@2@ABVCopyOp@2@@Z)
     1>LodAlg.obj : error LNK2001: unresolved external symbol "public: virtual bool __thiscall osg::Geode::isSameKindAs(class osg::Object const *)const " (?isSameKindAs@Geode@osg@@UBE_NPBVObject@2@@Z)
     1>LodAlg.obj : error LNK2001: unresolved external symbol "public: virtual char const * __thiscall osg::Geode::libraryName(void)const " (?libraryName@Geode@osg@@UBEPBDXZ)
     1>LodAlg.obj : error LNK2001: unresolved external symbol "public: virtual char const * __thiscall osg::Geode::className(void)const " (?className@Geode@osg@@UBEPBDXZ)
     1>LodAlg.obj : error LNK2001: unresolved external symbol "public: virtual void __thiscall osg::Object::setName(class std::basic_string<char,struct std::char_traits<char>,class std::allocator<char> > const &)" (?setName@Object@osg@@UAEXABV?$basic_string@DU?$char_traits@D@std@@V?$allocator@D@2@@std@@@Z)
     1>LODDrawable.obj : error LNK2001: unresolved external symbol "public: virtual void __thiscall osg::Object::setName(class std::basic_string<char,struct std::char_traits<char>,class std::allocator<char> > const &)" (?setName@Object@osg@@UAEXABV?$basic_string@DU?$char_traits@D@std@@V?$allocator@D@2@@std@@@Z)
     1>LodAlg.obj : error LNK2001: unresolved external symbol "public: virtual void __thiscall osg::Object::computeDataVariance(void)" (?computeDataVariance@Object@osg@@UAEXXZ)
     1>LodAlg.obj : error LNK2001: unresolved external symbol "public: virtual void __thiscall osg::Object::setUserData(class osg::Referenced *)" (?setUserData@Object@osg@@UAEXPAVReferenced@2@@Z)
     1>LODDrawable.obj : error LNK2001: unresolved external symbol "public: virtual void __thiscall osg::Object::setUserData(class osg::Referenced *)" (?setUserData@Object@osg@@UAEXPAVReferenced@2@@Z)
     1>LodAlg.obj : error LNK2001: unresolved external symbol "public: virtual class osg::Referenced const * __thiscall osg::Object::getUserData(void)const " (?getUserData@Object@osg@@UBEPBVReferenced@2@XZ)
     1>LODDrawable.obj : error LNK2001: unresolved external symbol "public: virtual class osg::Referenced const * __thiscall osg::Object::getUserData(void)const " (?getUserData@Object@osg@@UBEPBVReferenced@2@XZ)
     1>LodAlg.obj : error LNK2001: unresolved external symbol "public: virtual class osg::Referenced * __thiscall osg::Object::getUserData(void)" (?getUserData@Object@osg@@UAEPAVReferenced@2@XZ)
     1>LODDrawable.obj : error LNK2001: unresolved external symbol "public: virtual class osg::Referenced * __thiscall osg::Object::getUserData(void)" (?getUserData@Object@osg@@UAEPAVReferenced@2@XZ)
     1>LodAlg.obj : error LNK2001: unresolved external symbol "public: virtual void __thiscall osg::Geode::resizeGLObjectBuffers(unsigned int)" (?resizeGLObjectBuffers@Geode@osg@@UAEXI@Z)
     1>LodAlg.obj : error LNK2001: unresolved external symbol "public: virtual void __thiscall osg::Geode::releaseGLObjects(class osg::State *)const " (?releaseGLObjects@Geode@osg@@UBEXPAVState@2@@Z)
     1>LodAlg.obj : error LNK2001: unresolved external symbol "public: virtual class osg::Group const * __thiscall osg::Node::asGroup(void)const " (?asGroup@Node@osg@@UBEPBVGroup@2@XZ)
     1>LodAlg.obj : error LNK2001: unresolved external symbol "public: virtual class osg::Group * __thiscall osg::Node::asGroup(void)" (?asGroup@Node@osg@@UAEPAVGroup@2@XZ)
     1>LodAlg.obj : error LNK2001: unresolved external symbol "public: virtual class osg::Transform const * __thiscall osg::Node::asTransform(void)const " (?asTransform@Node@osg@@UBEPBVTransform@2@XZ)
     1>LodAlg.obj : error LNK2001: unresolved external symbol "public: virtual class osg::Transform * __thiscall osg::Node::asTransform(void)" (?asTransform@Node@osg@@UAEPAVTransform@2@XZ)
     1>LodAlg.obj : error LNK2001: unresolved external symbol "public: virtual class osg::Switch const * __thiscall osg::Node::asSwitch(void)const " (?asSwitch@Node@osg@@UBEPBVSwitch@2@XZ)
     1>LodAlg.obj : error LNK2001: unresolved external symbol "public: virtual class osg::Switch * __thiscall osg::Node::asSwitch(void)" (?asSwitch@Node@osg@@UAEPAVSwitch@2@XZ)
     1>LodAlg.obj : error LNK2001: unresolved external symbol "public: virtual class osg::Geode const * __thiscall osg::Geode::asGeode(void)const " (?asGeode@Geode@osg@@UBEPBV12@XZ)
     1>LodAlg.obj : error LNK2001: unresolved external symbol "public: virtual class osg::Geode * __thiscall osg::Geode::asGeode(void)" (?asGeode@Geode@osg@@UAEPAV12@XZ)
     1>LodAlg.obj : error LNK2001: unresolved external symbol "public: virtual class osgTerrain::Terrain const * __thiscall osg::Node::asTerrain(void)const " (?asTerrain@Node@osg@@UBEPBVTerrain@osgTerrain@@XZ)
     1>LodAlg.obj : error LNK2001: unresolved external symbol "public: virtual class osgTerrain::Terrain * __thiscall osg::Node::asTerrain(void)" (?asTerrain@Node@osg@@UAEPAVTerrain@osgTerrain@@XZ)
     1>LodAlg.obj : error LNK2001: unresolved external symbol "public: virtual void __thiscall osg::Geode::accept(class osg::NodeVisitor &)" (?accept@Geode@osg@@UAEXAAVNodeVisitor@2@@Z)
     1>LodAlg.obj : error LNK2001: unresolved external symbol "public: virtual void __thiscall osg::Node::ascend(class osg::NodeVisitor &)" (?ascend@Node@osg@@UAEXAAVNodeVisitor@2@@Z)
     1>LodAlg.obj : error LNK2001: unresolved external symbol "public: virtual void __thiscall osg::Node::traverse(class osg::NodeVisitor &)" (?traverse@Node@osg@@UAEXAAVNodeVisitor@2@@Z)
     1>LodAlg.obj : error LNK2001: unresolved external symbol "public: virtual class osg::BoundingSphereImpl<class osg::Vec3f> __thiscall osg::Geode::computeBound(void)const " (?computeBound@Geode@osg@@UBE?AV?$BoundingSphereImpl@VVec3f@osg@@@2@XZ)
     1>LodAlg.obj : error LNK2001: unresolved external symbol "public: virtual bool __thiscall osg::Geode::addDrawable(class osg::Drawable *)" (?addDrawable@Geode@osg@@UAE_NPAVDrawable@2@@Z)
     1>LodAlg.obj : error LNK2001: unresolved external symbol "public: virtual bool __thiscall osg::Geode::removeDrawable(class osg::Drawable *)" (?removeDrawable@Geode@osg@@UAE_NPAVDrawable@2@@Z)
     1>LodAlg.obj : error LNK2001: unresolved external symbol "public: virtual bool __thiscall osg::Geode::removeDrawables(unsigned int,unsigned int)" (?removeDrawables@Geode@osg@@UAE_NII@Z)
     1>LodAlg.obj : error LNK2001: unresolved external symbol "public: virtual bool __thiscall osg::Geode::replaceDrawable(class osg::Drawable *,class osg::Drawable *)" (?replaceDrawable@Geode@osg@@UAE_NPAVDrawable@2@0@Z)
     1>LodAlg.obj : error LNK2001: unresolved external symbol "public: virtual bool __thiscall osg::Geode::setDrawable(unsigned int,class osg::Drawable *)" (?setDrawable@Geode@osg@@UAE_NIPAVDrawable@2@@Z)
     1>LodAlg.obj : error LNK2001: unresolved external symbol "public: virtual void __thiscall osg::Object::setThreadSafeRefUnref(bool)" (?setThreadSafeRefUnref@Object@osg@@UAEX_N@Z)
     1>LodAlg.obj : error LNK2001: unresolved external symbol "public: virtual class osg::Object * __thiscall osg::BlendFunc::cloneType(void)const " (?cloneType@BlendFunc@osg@@UBEPAVObject@2@XZ)
     1>LodAlg.obj : error LNK2001: unresolved external symbol "public: virtual class osg::Object * __thiscall osg::BlendFunc::clone(class osg::CopyOp const &)const " (?clone@BlendFunc@osg@@UBEPAVObject@2@ABVCopyOp@2@@Z)
     1>LodAlg.obj : error LNK2001: unresolved external symbol "public: virtual bool __thiscall osg::BlendFunc::isSameKindAs(class osg::Object const *)const " (?isSameKindAs@BlendFunc@osg@@UBE_NPBVObject@2@@Z)
     1>LodAlg.obj : error LNK2001: unresolved external symbol "public: virtual char const * __thiscall osg::BlendFunc::libraryName(void)const " (?libraryName@BlendFunc@osg@@UBEPBDXZ)
     1>LodAlg.obj : error LNK2001: unresolved external symbol "public: virtual char const * __thiscall osg::BlendFunc::className(void)const " (?className@BlendFunc@osg@@UBEPBDXZ)
     1>LodAlg.obj : error LNK2001: unresolved external symbol "public: virtual void __thiscall osg::StateAttribute::resizeGLObjectBuffers(unsigned int)" (?resizeGLObjectBuffers@StateAttribute@osg@@UAEXI@Z)
     1>LodAlg.obj : error LNK2001: unresolved external symbol "public: virtual void __thiscall osg::StateAttribute::releaseGLObjects(class osg::State *)const " (?releaseGLObjects@StateAttribute@osg@@UBEXPAVState@2@@Z)
     1>LodAlg.obj : error LNK2001: unresolved external symbol "public: virtual class osg::Texture const * __thiscall osg::StateAttribute::asTexture(void)const " (?asTexture@StateAttribute@osg@@UBEPBVTexture@2@XZ)
     1>LodAlg.obj : error LNK2001: unresolved external symbol "public: virtual class osg::Texture * __thiscall osg::StateAttribute::asTexture(void)" (?asTexture@StateAttribute@osg@@UAEPAVTexture@2@XZ)
     1>LodAlg.obj : error LNK2001: unresolved external symbol "public: virtual enum osg::StateAttribute::Type __thiscall osg::BlendFunc::getType(void)const " (?getType@BlendFunc@osg@@UBE?AW4Type@StateAttribute@2@XZ)
     1>LodAlg.obj : error LNK2001: unresolved external symbol "public: virtual unsigned int __thiscall osg::StateAttribute::getMember(void)const " (?getMember@StateAttribute@osg@@UBEIXZ)
     1>LodAlg.obj : error LNK2001: unresolved external symbol "public: virtual bool __thiscall osg::StateAttribute::isTextureAttribute(void)const " (?isTextureAttribute@StateAttribute@osg@@UBE_NXZ)
     1>LodAlg.obj : error LNK2001: unresolved external symbol "public: virtual int __thiscall osg::BlendFunc::compare(class osg::StateAttribute const &)const " (?compare@BlendFunc@osg@@UBEHABVStateAttribute@2@@Z)
     1>LodAlg.obj : error LNK2001: unresolved external symbol "public: virtual bool __thiscall osg::BlendFunc::getModeUsage(struct osg::StateAttribute::ModeUsage &)const " (?getModeUsage@BlendFunc@osg@@UBE_NAAUModeUsage@StateAttribute@2@@Z)
     1>LodAlg.obj : error LNK2001: unresolved external symbol "public: virtual bool __thiscall osg::StateAttribute::checkValidityOfAssociatedModes(class osg::State &)const " (?checkValidityOfAssociatedModes@StateAttribute@osg@@UBE_NAAVState@2@@Z)
     1>LodAlg.obj : error LNK2001: unresolved external symbol "public: virtual void __thiscall osg::BlendFunc::apply(class osg::State &)const " (?apply@BlendFunc@osg@@UBEXAAVState@2@@Z)
     1>LodAlg.obj : error LNK2001: unresolved external symbol "public: virtual void __thiscall osg::StateAttribute::compileGLObjects(class osg::State &)const " (?compileGLObjects@StateAttribute@osg@@UBEXAAVState@2@@Z)
     1>LodAlg.obj : error LNK2019: unresolved external symbol "__declspec(dllimport) protected: virtual __thiscall osg::Geode::~Geode(void)" (__imp_??1Geode@osg@@MAE@XZ) referenced in function "protected: virtual void * __thiscall osg::Geode::`scalar deleting destructor'(unsigned int)" (??_GGeode@osg@@MAEPAXI@Z)
     1>LodAlg.obj : error LNK2019: unresolved external symbol "__declspec(dllimport) protected: virtual __thiscall osg::BlendFunc::~BlendFunc(void)" (__imp_??1BlendFunc@osg@@MAE@XZ) referenced in function "protected: virtual void * __thiscall osg::BlendFunc::`scalar deleting destructor'(unsigned int)" (??_GBlendFunc@osg@@MAEPAXI@Z)
     1>LodAlg.obj : error LNK2019: unresolved external symbol "__declspec(dllimport) public: int __thiscall osg::Referenced::ref(void)const " (__imp_?ref@Referenced@osg@@QBEHXZ) referenced in function "public: __thiscall osg::ref_ptr<class osg::Geode>::ref_ptr<class osg::Geode>(class osg::Geode *)" (??0?$ref_ptr@VGeode@osg@@@osg@@QAE@PAVGeode@1@@Z)
     1>LODDrawable.obj : error LNK2001: unresolved external symbol "__declspec(dllimport) public: int __thiscall osg::Referenced::ref(void)const " (__imp_?ref@Referenced@osg@@QBEHXZ)
     1>LodAlg.obj : error LNK2019: unresolved external symbol "__declspec(dllimport) public: int __thiscall osg::Referenced::unref(void)const " (__imp_?unref@Referenced@osg@@QBEHXZ) referenced in function "public: __thiscall osg::ref_ptr<class osg::Geode>::~ref_ptr<class osg::Geode>(void)" (??1?$ref_ptr@VGeode@osg@@@osg@@QAE@XZ)
     1>LODDrawable.obj : error LNK2001: unresolved external symbol "__declspec(dllimport) public: int __thiscall osg::Referenced::unref(void)const " (__imp_?unref@Referenced@osg@@QBEHXZ)
     1>LODDrawable.obj : error LNK2019: unresolved external symbol "__declspec(dllimport) protected: virtual __thiscall osg::Drawable::~Drawable(void)" (__imp_??1Drawable@osg@@MAE@XZ) referenced in function __unwindfunclet$??0LODDrawable@@QAE@XZ$0
     1>LODDrawable.obj : error LNK2019: unresolved external symbol "__declspec(dllimport) public: void __thiscall osg::Drawable::setSupportsDisplayList(bool)" (__imp_?setSupportsDisplayList@Drawable@osg@@QAEX_N@Z) referenced in function "public: __thiscall LODDrawable::LODDrawable(void)" (??0LODDrawable@@QAE@XZ)
     1>LODDrawable.obj : error LNK2019: unresolved external symbol "__declspec(dllimport) public: __thiscall osg::Drawable::Drawable(void)" (__imp_??0Drawable@osg@@QAE@XZ) referenced in function "public: __thiscall LODDrawable::LODDrawable(void)" (??0LODDrawable@@QAE@XZ)
     1>LODDrawable.obj : error LNK2001: unresolved external symbol "public: virtual void __thiscall osg::Drawable::setThreadSafeRefUnref(bool)" (?setThreadSafeRefUnref@Drawable@osg@@UAEX_N@Z)
     1>LODDrawable.obj : error LNK2001: unresolved external symbol "public: virtual void __thiscall osg::Drawable::computeDataVariance(void)" (?computeDataVariance@Drawable@osg@@UAEXXZ)
     1>LODDrawable.obj : error LNK2001: unresolved external symbol "public: virtual void __thiscall osg::Drawable::resizeGLObjectBuffers(unsigned int)" (?resizeGLObjectBuffers@Drawable@osg@@UAEXI@Z)
     1>LODDrawable.obj : error LNK2001: unresolved external symbol "public: virtual void __thiscall osg::Drawable::releaseGLObjects(class osg::State *)const " (?releaseGLObjects@Drawable@osg@@UBEXPAVState@2@@Z)
     1>LODDrawable.obj : error LNK2001: unresolved external symbol "public: virtual class osg::Geometry const * __thiscall osg::Drawable::asGeometry(void)const " (?asGeometry@Drawable@osg@@UBEPBVGeometry@2@XZ)
     1>LODDrawable.obj : error LNK2001: unresolved external symbol "public: virtual class osg::Geometry * __thiscall osg::Drawable::asGeometry(void)" (?asGeometry@Drawable@osg@@UAEPAVGeometry@2@XZ)
     1>LODDrawable.obj : error LNK2001: unresolved external symbol "public: virtual class osg::BoundingBoxImpl<class osg::Vec3f> __thiscall osg::Drawable::computeBound(void)const " (?computeBound@Drawable@osg@@UBE?AV?$BoundingBoxImpl@VVec3f@osg@@@2@XZ)
     1>LODDrawable.obj : error LNK2001: unresolved external symbol "public: virtual void __thiscall osg::Drawable::setUseVertexBufferObjects(bool)" (?setUseVertexBufferObjects@Drawable@osg@@UAEX_N@Z)
     1>LODDrawable.obj : error LNK2001: unresolved external symbol "public: virtual void __thiscall osg::Drawable::dirtyDisplayList(void)" (?dirtyDisplayList@Drawable@osg@@UAEXXZ)
     1>LODDrawable.obj : error LNK2001: unresolved external symbol "public: virtual unsigned int __thiscall osg::Drawable::getGLObjectSizeHint(void)const " (?getGLObjectSizeHint@Drawable@osg@@UBEIXZ)
     1>LODDrawable.obj : error LNK2001: unresolved external symbol "public: virtual void __thiscall osg::Drawable::compileGLObjects(class osg::RenderInfo &)const " (?compileGLObjects@Drawable@osg@@UBEXAAVRenderInfo@2@@Z)
     1>LODDrawable.obj : error LNK2001: unresolved external symbol "public: virtual void __thiscall osg::Drawable::setUpdateCallback(struct osg::Drawable::UpdateCallback *)" (?setUpdateCallback@Drawable@osg@@UAEXPAUUpdateCallback@12@@Z)
     1>LODDrawable.obj : error LNK2001: unresolved external symbol "public: virtual void __thiscall osg::Drawable::setEventCallback(struct osg::Drawable::EventCallback *)" (?setEventCallback@Drawable@osg@@UAEXPAUEventCallback@12@@Z)
     1>LODDrawable.obj : error LNK2001: unresolved external symbol "public: virtual void __thiscall osg::Drawable::setCullCallback(struct osg::Drawable::CullCallback *)" (?setCullCallback@Drawable@osg@@UAEXPAUCullCallback@12@@Z)
     1>LODDrawable.obj : error LNK2001: unresolved external symbol "public: virtual void __thiscall osg::Drawable::setDrawCallback(struct osg::Drawable::DrawCallback *)" (?setDrawCallback@Drawable@osg@@UAEXPAUDrawCallback@12@@Z)
     1>LODDrawable.obj : error LNK2001: unresolved external symbol "public: virtual bool __thiscall osg::Drawable::supports(class osg::PrimitiveIndexFunctor const &)const " (?supports@Drawable@osg@@UBE_NABVPrimitiveIndexFunctor@2@@Z)
     1>LODDrawable.obj : error LNK2001: unresolved external symbol "public: virtual bool __thiscall osg::Drawable::supports(class osg::PrimitiveFunctor const &)const " (?supports@Drawable@osg@@UBE_NABVPrimitiveFunctor@2@@Z)
     1>LODDrawable.obj : error LNK2001: unresolved external symbol "public: virtual bool __thiscall osg::Drawable::supports(class osg::Drawable::ConstAttributeFunctor const &)const " (?supports@Drawable@osg@@UBE_NABVConstAttributeFunctor@12@@Z)
     1>LODDrawable.obj : error LNK2001: unresolved external symbol "public: virtual bool __thiscall osg::Drawable::supports(class osg::Drawable::AttributeFunctor const &)const " (?supports@Drawable@osg@@UBE_NABVAttributeFunctor@12@@Z)
     1>LODDrawable.obj : error LNK2001: unresolved external symbol "public: virtual void __thiscall osg::Drawable::accept(class osg::PrimitiveIndexFunctor &)const " (?accept@Drawable@osg@@UBEXAAVPrimitiveIndexFunctor@2@@Z)
     1>LODDrawable.obj : error LNK2001: unresolved external symbol "public: virtual void __thiscall osg::Drawable::accept(class osg::PrimitiveFunctor &)const " (?accept@Drawable@osg@@UBEXAAVPrimitiveFunctor@2@@Z)
     1>LODDrawable.obj : error LNK2001: unresolved external symbol "public: virtual void __thiscall osg::Drawable::accept(class osg::Drawable::ConstAttributeFunctor &)const " (?accept@Drawable@osg@@UBEXAAVConstAttributeFunctor@12@@Z)
     1>LODDrawable.obj : error LNK2001: unresolved external symbol "public: virtual void __thiscall osg::Drawable::accept(class osg::Drawable::AttributeFunctor &)" (?accept@Drawable@osg@@UAEXAAVAttributeFunctor@12@@Z)
     1>LODDrawable.obj : error LNK2019: unresolved external symbol "__declspec(dllimport) public: __thiscall osg::Drawable::Drawable(class osg::Drawable const &,class osg::CopyOp const &)" (__imp_??0Drawable@osg@@QAE@ABV01@ABVCopyOp@1@@Z) referenced in function "public: __thiscall LODDrawable::LODDrawable(class LODDrawable const &,class osg::CopyOp const &)" (??0LODDrawable@@QAE@ABV0@ABVCopyOp@osg@@@Z)
     1>LODDrawable.obj : error LNK2019: unresolved external symbol "__declspec(dllimport) public: void __thiscall osg::Camera::getViewMatrixAsLookAt(class osg::Vec3d &,class osg::Vec3d &,class osg::Vec3d &,double)const " (__imp_?getViewMatrixAsLookAt@Camera@osg@@QBEXAAVVec3d@2@00N@Z) referenced in function "private: virtual void __thiscall LODDrawable::drawImplementation(class osg::RenderInfo &)const " (?drawImplementation@LODDrawable@@EBEXAAVRenderInfo@osg@@@Z)
     1>LODDrawable.obj : error LNK2019: unresolved external symbol __imp__glEnd@0 referenced in function "private: void __thiscall LODDrawable::DrawNode_FILL(int,int,int)const " (?DrawNode_FILL@LODDrawable@@ABEXHHH@Z)
     1>LODDrawable.obj : error LNK2019: unresolved external symbol __imp__glVertex3f@12 referenced in function "private: void __thiscall LODDrawable::DrawNode_FILL(int,int,int)const " (?DrawNode_FILL@LODDrawable@@ABEXHHH@Z)
     1>LODDrawable.obj : error LNK2019: unresolved external symbol __imp__glColor3f@12 referenced in function "private: void __thiscall LODDrawable::DrawNode_FILL(int,int,int)const " (?DrawNode_FILL@LODDrawable@@ABEXHHH@Z)
     1>LODDrawable.obj : error LNK2019: unresolved external symbol __imp__glBegin@4 referenced in function "private: void __thiscall LODDrawable::DrawNode_FILL(int,int,int)const " (?DrawNode_FILL@LODDrawable@@ABEXHHH@Z)
     1>LODDrawable.obj : error LNK2019: unresolved external symbol __imp__glPushAttrib@4 referenced in function "private: void __thiscall LODDrawable::DrawNode_FRAME(int,int,int)const " (?DrawNode_FRAME@LODDrawable@@ABEXHHH@Z)
     1>E:\WorkSpace\LodAlg\Debug\LodAlg.exe : fatal error LNK1120: 104 unresolved externals
     1>Done Building Project "E:\WorkSpace\LodAlg\LodAlg.vcxproj" (Build target(s)) -- FAILED.

Build FAILED.

Time Elapsed 00:00:06.46
